#
# There is insufficient memory for the Java Runtime Environment to continue.
# Native memory allocation (mmap) failed to map 255852544 bytes for G1 virtual space
# Possible reasons:
#   The system is out of physical RAM or swap space
#   The process is running with CompressedOops enabled, and the Java Heap may be blocking the growth of the native heap
# Possible solutions:
#   Reduce memory load on the system
#   Increase physical memory or swap space
#   Check if swap backing store is full
#   Decrease Java heap size (-Xmx/-Xms)
#   Decrease number of Java threads
#   Decrease Java thread stack sizes (-Xss)
#   Set larger code cache with -XX:ReservedCodeCacheSize=
#   JVM is running with Zero Based Compressed Oops mode in which the Java heap is
#     placed in the first 32GB address space. The Java Heap base address is the
#     maximum limit for the native heap growth. Please use -XX:HeapBaseMinAddress
#     to set the Java Heap base and to place the Java Heap above 32GB virtual address.
# This output file may be truncated or incomplete.
#
#  Out of Memory Error (os_windows.cpp:3541), pid=27952, tid=26384
#
# JRE version:  (17.0.5+9) (build )
# Java VM: Java HotSpot(TM) 64-Bit Server VM (17.0.5+9-LTS-191, mixed mode, emulated-client, sharing, tiered, compressed oops, compressed class ptrs, g1 gc, windows-amd64)
# No core dump will be written. Minidumps are not enabled by default on client versions of Windows
#

---------------  S U M M A R Y ------------

Command Line: -XX:TieredStopAtLevel=1 -Dspring.output.ansi.enabled=always -Dcom.sun.management.jmxremote -Dspring.jmx.enabled=true -Dspring.liveBeansView.mbeanDomain -Dspring.application.admin.enabled=true -Dmanagement.endpoints.jmx.exposure.include=* -javaagent:C:\Users\gaomi\AppData\Local\JetBrains\Toolbox\apps\IDEA-U\ch-0\223.8836.41\lib\idea_rt.jar=57489:C:\Users\gaomi\AppData\Local\JetBrains\Toolbox\apps\IDEA-U\ch-0\223.8836.41\bin -Dfile.encoding=UTF-8 com.example.user.UserServiceApplication

Host: AMD Ryzen 7 6800H with Radeon Graphics         , 16 cores, 15G,  Windows 11 , 64 bit Build 22621 (10.0.22621.1485)
Time: Tue May  9 11:13:35 2023  Windows 11 , 64 bit Build 22621 (10.0.22621.1485) elapsed time: 0.027093 seconds (0d 0h 0m 0s)

---------------  T H R E A D  ---------------

Current thread (0x0000013162b73e20):  JavaThread "Unknown thread" [_thread_in_vm, id=26384, stack(0x0000002217a00000,0x0000002217b00000)]

Stack: [0x0000002217a00000,0x0000002217b00000]
Native frames: (J=compiled Java code, j=interpreted, Vv=VM code, C=native code)
V  [jvm.dll+0x672eea]
V  [jvm.dll+0x7d2a04]
V  [jvm.dll+0x7d41ae]
V  [jvm.dll+0x7d4813]
V  [jvm.dll+0x242c15]
V  [jvm.dll+0x66fe09]
V  [jvm.dll+0x664682]
V  [jvm.dll+0x300e8b]
V  [jvm.dll+0x308426]
V  [jvm.dll+0x357ffe]
V  [jvm.dll+0x35822f]
V  [jvm.dll+0x2d80a8]
V  [jvm.dll+0x2d9014]
V  [jvm.dll+0x7a44e1]
V  [jvm.dll+0x365df1]
V  [jvm.dll+0x7838fc]
V  [jvm.dll+0x3e873f]
V  [jvm.dll+0x3ea1e1]
C  [jli.dll+0x527b]
C  [ucrtbase.dll+0x29363]
C  [KERNEL32.DLL+0x1269d]
C  [ntdll.dll+0x5a9f8]


---------------  P R O C E S S  ---------------

Threads class SMR info:
_java_thread_list=0x00007fff0a79a8d8, length=0, elements={
}

Java Threads: ( => current thread )

Other Threads:
  0x0000013162bdb870 GCTaskThread "GC Thread#0" [stack: 0x0000002217b00000,0x0000002217c00000] [id=2980]
  0x0000013162bed9d0 ConcurrentGCThread "G1 Main Marker" [stack: 0x0000002217c00000,0x0000002217d00000] [id=28956]
  0x0000013162bef450 ConcurrentGCThread "G1 Conc#0" [stack: 0x0000002217d00000,0x0000002217e00000] [id=24916]

[error occurred during error reporting (printing all threads), id 0xc0000005, EXCEPTION_ACCESS_VIOLATION (0xc0000005) at pc=0x00007fff09fe8a97]

VM state: not at safepoint (not fully initialized)

VM Mutex/Monitor currently owned by a thread:  ([mutex/lock_event])
[0x0000013162b6d5d0] Heap_lock - owner thread: 0x0000013162b73e20

Heap address: 0x000000070ce00000, size: 3890 MB, Compressed Oops mode: Zero based, Oop shift amount: 3

CDS archive(s) mapped at: [0x0000000000000000-0x0000000000000000-0x0000000000000000), size 0, SharedBaseAddress: 0x0000000800000000, ArchiveRelocationMode: 0.
Narrow klass base: 0x0000000000000000, Narrow klass shift: 0, Narrow klass range: 0x0

GC Precious Log:
<Empty>

Heap:
 garbage-first heap   total 0K, used 0K [0x000000070ce00000, 0x0000000800000000)
  region size 2048K, 0 young (0K), 0 survivors (0K)

[error occurred during error reporting (printing heap information), id 0xc0000005, EXCEPTION_ACCESS_VIOLATION (0xc0000005) at pc=0x00007fff0a3cc399]

GC Heap History (0 events):
No events

Deoptimization events (0 events):
No events

Classes unloaded (0 events):
No events

Classes redefined (0 events):
No events

Internal exceptions (0 events):
No events

VM Operations (0 events):
No events

Events (1 events):
Event: 0.020 Loaded shared library D:\Gtech\Jdk\jdk-17.0.5\bin\java.dll


Dynamic libraries:
0x00007ff663eb0000 - 0x00007ff663ec0000 	D:\Gtech\Jdk\jdk-17.0.5\bin\java.exe
0x00007fff6e290000 - 0x00007fff6e4a4000 	C:\Windows\SYSTEM32\ntdll.dll
0x00007fff6c9b0000 - 0x00007fff6ca72000 	C:\Windows\System32\KERNEL32.DLL
0x00007fff6b910000 - 0x00007fff6bcac000 	C:\Windows\System32\KERNELBASE.dll
0x00007fff6b6d0000 - 0x00007fff6b7e1000 	C:\Windows\System32\ucrtbase.dll
0x00007fff65090000 - 0x00007fff650a8000 	D:\Gtech\Jdk\jdk-17.0.5\bin\jli.dll
0x00007fff43150000 - 0x00007fff4316a000 	D:\Gtech\Jdk\jdk-17.0.5\bin\VCRUNTIME140.dll
0x00007fff6cdb0000 - 0x00007fff6ce5e000 	C:\Windows\System32\ADVAPI32.dll
0x00007fff6ccf0000 - 0x00007fff6cd97000 	C:\Windows\System32\msvcrt.dll
0x00007fff6c1c0000 - 0x00007fff6c264000 	C:\Windows\System32\sechost.dll
0x00007fff6dd60000 - 0x00007fff6de77000 	C:\Windows\System32\RPCRT4.dll
0x00007fff6ca90000 - 0x00007fff6cc3b000 	C:\Windows\System32\USER32.dll
0x00007fff6b7f0000 - 0x00007fff6b816000 	C:\Windows\System32\win32u.dll
0x00007fff6aa00000 - 0x00007fff6ac8e000 	C:\Windows\WinSxS\amd64_microsoft.windows.common-controls_6595b64144ccf1df_6.0.22621.608_none_a9444ca7c10bb01d\COMCTL32.dll
0x00007fff6c6f0000 - 0x00007fff6c719000 	C:\Windows\System32\GDI32.dll
0x00007fff6bec0000 - 0x00007fff6bfd3000 	C:\Windows\System32\gdi32full.dll
0x00007fff6bcb0000 - 0x00007fff6bd4a000 	C:\Windows\System32\msvcp_win.dll
0x00007fff69bd0000 - 0x00007fff69bda000 	C:\Windows\SYSTEM32\VERSION.dll
0x00007fff6e210000 - 0x00007fff6e241000 	C:\Windows\System32\IMM32.DLL
0x00007fff389d0000 - 0x00007fff38a74000 	C:\Program Files\McAfee\Endpoint Security\Threat Prevention\Ips\EpMPApi.dll
0x00007fff6b820000 - 0x00007fff6b88b000 	C:\Windows\System32\WINTRUST.dll
0x00007fff6bd50000 - 0x00007fff6beb6000 	C:\Windows\System32\CRYPT32.dll
0x00007fff6a670000 - 0x00007fff6a682000 	C:\Windows\SYSTEM32\MSASN1.dll
0x000000006a650000 - 0x000000006a65c000 	C:\Program Files\McAfee\Endpoint Security\Threat Prevention\Ips\EpMPThe.dll
0x00007fff38970000 - 0x00007fff389cb000 	C:\Program Files\McAfee\Endpoint Security\Threat Prevention\Ips\HIPHandlers64.dll
0x00007fff6d0b0000 - 0x00007fff6d8a0000 	C:\Windows\System32\SHELL32.dll
0x00007fff6c720000 - 0x00007fff6c77e000 	C:\Windows\System32\SHLWAPI.dll
0x00007fff6afd0000 - 0x00007fff6b1fe000 	C:\Windows\SYSTEM32\dbghelp.dll
0x00007fff6d8a0000 - 0x00007fff6d977000 	C:\Windows\System32\OLEAUT32.dll
0x0000013161c30000 - 0x0000013161fb9000 	C:\Windows\System32\combase.dll
0x00007fff65080000 - 0x00007fff6508c000 	D:\Gtech\Jdk\jdk-17.0.5\bin\vcruntime140_1.dll
0x00007fff3bae0000 - 0x00007fff3bb6d000 	D:\Gtech\Jdk\jdk-17.0.5\bin\msvcp140.dll
0x00007fff09d00000 - 0x00007fff0a8c2000 	D:\Gtech\Jdk\jdk-17.0.5\bin\server\jvm.dll
0x00007fff6db40000 - 0x00007fff6db48000 	C:\Windows\System32\PSAPI.DLL
0x00007fff629f0000 - 0x00007fff62a24000 	C:\Windows\SYSTEM32\WINMM.dll
0x00007fff17ac0000 - 0x00007fff17ac9000 	C:\Windows\SYSTEM32\WSOCK32.dll
0x00007fff6dcc0000 - 0x00007fff6dd31000 	C:\Windows\System32\WS2_32.dll
0x00007fff697e0000 - 0x00007fff697f8000 	C:\Windows\SYSTEM32\kernel.appcore.dll
0x00007fff49a50000 - 0x00007fff49a5a000 	D:\Gtech\Jdk\jdk-17.0.5\bin\jimage.dll
0x00007fff6ae90000 - 0x00007fff6aec2000 	C:\Windows\SYSTEM32\dbgcore.DLL
0x00007fff6b890000 - 0x00007fff6b90b000 	C:\Windows\System32\bcryptPrimitives.dll
0x00007fff57130000 - 0x00007fff5713e000 	D:\Gtech\Jdk\jdk-17.0.5\bin\instrument.dll
0x00007fff43120000 - 0x00007fff43145000 	D:\Gtech\Jdk\jdk-17.0.5\bin\java.dll

dbghelp: loaded successfully - version: 4.0.5 - missing functions: none
symbol engine: initialized successfully - sym options: 0x614 - pdb path: .;D:\Gtech\Jdk\jdk-17.0.5\bin;C:\Windows\SYSTEM32;C:\Windows\WinSxS\amd64_microsoft.windows.common-controls_6595b64144ccf1df_6.0.22621.608_none_a9444ca7c10bb01d;C:\Program Files\McAfee\Endpoint Security\Threat Prevention\Ips;D:\Gtech\Jdk\jdk-17.0.5\bin\server

VM Arguments:
jvm_args: -XX:TieredStopAtLevel=1 -Dspring.output.ansi.enabled=always -Dcom.sun.management.jmxremote -Dspring.jmx.enabled=true -Dspring.liveBeansView.mbeanDomain -Dspring.application.admin.enabled=true -Dmanagement.endpoints.jmx.exposure.include=* -javaagent:C:\Users\gaomi\AppData\Local\JetBrains\Toolbox\apps\IDEA-U\ch-0\223.8836.41\lib\idea_rt.jar=57489:C:\Users\gaomi\AppData\Local\JetBrains\Toolbox\apps\IDEA-U\ch-0\223.8836.41\bin -Dfile.encoding=UTF-8 
java_command: com.example.user.UserServiceApplication
java_class_path (initial): D:\learningwork\cloud-demo\user-service\target\classes;D:\learningwork\cloud-demo\common-code\target\classes;C:\Users\gaomi\.m2\repository\org\springframework\boot\spring-boot-starter-web\2.7.5\spring-boot-starter-web-2.7.5.jar;C:\Users\gaomi\.m2\repository\org\springframework\boot\spring-boot-starter\2.7.5\spring-boot-starter-2.7.5.jar;C:\Users\gaomi\.m2\repository\org\springframework\boot\spring-boot-starter-logging\2.7.5\spring-boot-starter-logging-2.7.5.jar;C:\Users\gaomi\.m2\repository\ch\qos\logback\logback-classic\1.2.11\logback-classic-1.2.11.jar;C:\Users\gaomi\.m2\repository\ch\qos\logback\logback-core\1.2.11\logback-core-1.2.11.jar;C:\Users\gaomi\.m2\repository\org\apache\logging\log4j\log4j-to-slf4j\2.17.2\log4j-to-slf4j-2.17.2.jar;C:\Users\gaomi\.m2\repository\org\apache\logging\log4j\log4j-api\2.17.2\log4j-api-2.17.2.jar;C:\Users\gaomi\.m2\repository\org\slf4j\jul-to-slf4j\1.7.36\jul-to-slf4j-1.7.36.jar;C:\Users\gaomi\.m2\repository\jakarta\annotation\jakarta.annotation-api\1.3.5\jakarta.annotation-api-1.3.5.jar;C:\Users\gaomi\.m2\repository\org\yaml\snakeyaml\1.30\snakeyaml-1.30.jar;C:\Users\gaomi\.m2\repository\org\springframework\boot\spring-boot-starter-json\2.7.5\spring-boot-starter-json-2.7.5.jar;C:\Users\gaomi\.m2\repository\com\fasterxml\jackson\core\jackson-databind\2.13.4.2\jackson-databind-2.13.4.2.jar;C:\Users\gaomi\.m2\repository\com\fasterxml\jackson\core\jackson-annotations\2.13.4\jackson-annotations-2.13.4.jar;C:\Users\gaomi\.m2\repository\com\fasterxml\jackson\core\jackson-core\2.13.4\jackson-core-2.13.4.jar;C:\Users\gaomi\.m2\repository\com\fasterxml\jackson\datatype\jackson-datatype-jdk8\2.13.4\jackson-datatype-jdk8-2.13.4.jar;C:\Users\gaomi\.m2\repository\com\fasterxml\jackson\datatype\jackson-datatype-jsr310\2.13.4\jackson-datatype-jsr310-2.13.4.jar;C:\Users\gaomi\.m2\repository\com\fasterxml\jackson\module\jackson-module-parameter-names\2.13.4\jackson-module-parameter-names-2.13.4.jar;C:\Users\gaomi\.m2
Launcher Type: SUN_STANDARD

[Global flags]
     intx CICompilerCount                          = 12                                        {product} {ergonomic}
     uint ConcGCThreads                            = 3                                         {product} {ergonomic}
     uint G1ConcRefinementThreads                  = 13                                        {product} {ergonomic}
   size_t G1HeapRegionSize                         = 2097152                                   {product} {ergonomic}
    uintx GCDrainStackTargetSize                   = 64                                        {product} {ergonomic}
   size_t InitialHeapSize                          = 255852544                                 {product} {ergonomic}
     bool ManagementServer                         = true                                      {product} {command line}
   size_t MarkStackSize                            = 4194304                                   {product} {ergonomic}
   size_t MaxHeapSize                              = 4078960640                                {product} {ergonomic}
   size_t MinHeapDeltaBytes                        = 2097152                                   {product} {ergonomic}
   size_t MinHeapSize                              = 8388608                                   {product} {ergonomic}
    uintx NonProfiledCodeHeapSize                  = 0                                      {pd product} {ergonomic}
     bool ProfileInterpreter                       = false                                  {pd product} {command line}
    uintx ProfiledCodeHeapSize                     = 0                                      {pd product} {ergonomic}
   size_t SoftMaxHeapSize                          = 4078960640                             {manageable} {ergonomic}
     intx TieredStopAtLevel                        = 1                                         {product} {command line}
     bool UseCompressedClassPointers               = true                           {product lp64_product} {ergonomic}
     bool UseCompressedOops                        = true                           {product lp64_product} {ergonomic}
     bool UseG1GC                                  = true                                      {product} {ergonomic}
     bool UseLargePagesIndividualAllocation        = false                                  {pd product} {ergonomic}

Logging:
Log output configuration:
 #0: stdout all=warning uptime,level,tags
 #1: stderr all=off uptime,level,tags

Environment Variables:
PATH=C:\Program Files (x86)\Common Files\Oracle\Java\javapath;C:\Windows\system32;C:\Windows;C:\Windows\System32\Wbem;C:\Windows\System32\WindowsPowerShell\v1.0\;C:\Windows\System32\OpenSSH\;D:\Program Files\Git\cmd;C:\Program Files\Docker\Docker\resources\bin;C:\Users\gaomi\AppData\Local\Microsoft\WindowsApps;D:\Program Files\JetBrains\IntelliJ IDEA 2022.3.2\bin;D:\Program Files\JetBrains\DataGrip 2022.3.3\bin;C:\Users\gaomi\AppData\Local\JetBrains\Toolbox\scripts;D:\Program Files\Fiddler;D:\moppo\apache-maven-3.6.3\bin;C:\Users\gaomi\AppData\Local\Programs\Microsoft VS Code Insiders\bin
USERNAME=gaomi
OS=Windows_NT
PROCESSOR_IDENTIFIER=AMD64 Family 25 Model 68 Stepping 1, AuthenticAMD



---------------  S Y S T E M  ---------------

OS:
 Windows 11 , 64 bit Build 22621 (10.0.22621.1485)
OS uptime: 1 days 13:54 hours
Hyper-V role detected

CPU: total 16 (initial active 16) (16 cores per cpu, 2 threads per core) family 25 model 68 stepping 1 microcode 0x0, cx8, cmov, fxsr, ht, mmx, 3dnowpref, sse, sse2, sse3, ssse3, sse4a, sse4.1, sse4.2, popcnt, lzcnt, tsc, tscinvbit, avx, avx2, aes, clmul, bmi1, bmi2, adx, sha, fma, vzeroupper, clflush, clflushopt, hv

Memory: 4k page, system-wide physical 15556M (406M free)
TotalPageFile size 34280M (AvailPageFile size 88M)
current process WorkingSet (physical memory assigned to process): 13M, peak: 13M
current process commit charge ("private bytes"): 67M, peak: 311M

vm_info: Java HotSpot(TM) 64-Bit Server VM (17.0.5+9-LTS-191) for windows-amd64 JRE (17.0.5+9-LTS-191), built on Sep 13 2022 17:31:43 by "mach5one" with MS VC++ 16.8 / 16.9 (VS2019)

END.
